
ROM used:   1272/32768 (4%)
            1272/32768 (4%) including unused fragments

            0.5 Average locations per line
            2.9 Average locations per statement

RAM used:   20/1536 (1%) at main() level
            28/1536 (2%) worst case

Stack used: 2 worst case (2 in main + 0 for interrupts)
Stack size: 31

Lines Stmts  %   Files
----- ----- ---  -----
  101    73  17  main.c
  840     0   0  ..\..\..\..\..\..\..\..\Program Files (x86)\PICC\Devices\18F4520.h
   37     0   0  ..\..\..\..\..\..\..\..\Program Files (x86)\PICC\Drivers\stdio.h
  423     0   0  ..\..\..\..\..\..\..\..\Program Files (x86)\PICC\Drivers\string.h
   32     0   0  ..\..\..\..\..\..\..\..\Program Files (x86)\PICC\Drivers\stddef.h
   28     0   0  ..\..\..\..\..\..\..\..\Program Files (x86)\PICC\Drivers\ctype.h
 1351   359  83  ..\..\..\..\..\..\..\..\Program Files (x86)\PICC\Drivers\stdlib.h
----- -----
 2812   432 Total

Page ROM  %  RAM   Vol Diff  Functions:
---- --- --- ---   --- ----  ----------
0     76   3    2             @MUL88
0    412  16    9  1815 10.5  atoi
0     38   1    1             @delay_ms1
0     28   1    0   106  1.3  start_signal
0     50   2    0   127  2.5  check_response
0    144   6    4   705  7.7  Read_Data
0    224   9    1   854  7.6  MAIN
0     12   0    0             @const940
0     34   1    2             @PSTRINGC_9600_31766_31767
0     40   2    3             @DIV88
0    180   7    6             @PRINTF_D_9600_31766_31767
0     18   1    0             @const949
0     12   0    0             @const950
 Inline         0             @cinit1

Program metrics:
    Functions               5
    Statements              432
    Comments                713
    Volume (V)              4723
    Difficulty (D)          28.8
    Effort to implement (E) 135862
    Time to implement (T)   2 hours, 6 minutes
    Est Delivered Bugs (B)  1
    Cyclomatic Complexity   21
    Maintainability (MI)    45

 Segment     Used  Free
-----------  ----  ----
00000-00002     4  0  
00004-07FFE  1268  31496  



